<?xml version="1.0" encoding="UTF-8"?>
<!-- Generated by org.testng.reporters.JUnitXMLReporter -->
<testsuite ignored="2" hostname="DESKTOP-E8IGD9F" failures="0" tests="1" name="Default test" time="2.805" errors="0" timestamp="14 Mar 2021 04:43:37 GMT">
  <testcase classname="com.jakartalabs.fullstack_automation.APITests" name="testloginAPI" time="2.763"/>
  <testcase classname="com.jakartalabs.fullstack_automation.APITests" name="testloginAPIWithIncorrectCredentials" time="0.0">
    <ignored/>
  </testcase> <!-- testloginAPIWithIncorrectCredentials -->
  <testcase classname="com.jakartalabs.fullstack_automation.APITests" name="testDashboardAPI" time="0.0">
    <ignored/>
  </testcase> <!-- testDashboardAPI -->
</testsuite> <!-- Default test -->
