<?xml version="1.0" encoding="UTF-8"?>
<!-- Generated by org.testng.reporters.JUnitXMLReporter -->
<testsuite ignored="0" hostname="DESKTOP-E8IGD9F" failures="0" tests="3" name="Test" time="4.235" errors="0" timestamp="13 Mar 2021 07:32:25 GMT">
  <testcase classname="com.jakartalabs.fullstack_automation.APITests" name="testloginAPIWithIncorrectCredentials" time="2.189"/>
  <testcase classname="com.jakartalabs.fullstack_automation.APITests" name="testloginAPI" time="2.84"/>
  <testcase classname="com.jakartalabs.fullstack_automation.APITests" name="testDashboardAPI" time="1.366"/>
</testsuite> <!-- Test -->
