<?xml version="1.0" encoding="UTF-8"?>
<testng-results ignored="0" total="3" passed="3" failed="0" skipped="0">
  <reporter-output>
  </reporter-output>
  <suite started-at="2021-03-13T07:32:20Z" name="Suite" finished-at="2021-03-13T07:32:25Z" duration-ms="4235">
    <groups>
    </groups>
    <test started-at="2021-03-13T07:32:20Z" name="Test" finished-at="2021-03-13T07:32:25Z" duration-ms="4235">
      <class name="com.jakartalabs.fullstack_automation.APITests">
        <test-method signature="testloginAPI()[pri:1, instance:com.jakartalabs.fullstack_automation.APITests@40f8f5a8]" started-at="2021-03-13T07:32:20Z" name="testloginAPI" finished-at="2021-03-13T07:32:23Z" duration-ms="2840" status="PASS">
          <reporter-output>
          </reporter-output>
        </test-method> <!-- testloginAPI -->
        <test-method signature="testloginAPIWithIncorrectCredentials()[pri:1, instance:com.jakartalabs.fullstack_automation.APITests@40f8f5a8]" started-at="2021-03-13T07:32:20Z" name="testloginAPIWithIncorrectCredentials" finished-at="2021-03-13T07:32:23Z" duration-ms="2189" status="PASS">
          <reporter-output>
          </reporter-output>
        </test-method> <!-- testloginAPIWithIncorrectCredentials -->
        <test-method signature="testDashboardAPI()[pri:2, instance:com.jakartalabs.fullstack_automation.APITests@40f8f5a8]" started-at="2021-03-13T07:32:23Z" name="testDashboardAPI" finished-at="2021-03-13T07:32:25Z" duration-ms="1366" status="PASS">
          <reporter-output>
          </reporter-output>
        </test-method> <!-- testDashboardAPI -->
      </class> <!-- com.jakartalabs.fullstack_automation.APITests -->
    </test> <!-- Test -->
  </suite> <!-- Suite -->
</testng-results>
