<?xml version="1.0" encoding="UTF-8"?>
<testsuite xmlns:xsi="http://www.w3.org/2001/XMLSchema-instance" xsi:schemaLocation="https://maven.apache.org/surefire/maven-surefire-plugin/xsd/surefire-test-report.xsd" name="TestSuite" time="6.459" tests="3" errors="0" skipped="0" failures="0">
  <properties>
[...]
</properties>
  <testcase name="testloginAPIWithIncorrectCredentials" classname="com.jakartalabs.fullstack_automation.APITests" time="2.19"/>
  <testcase name="testloginAPI" classname="com.jakartalabs.fullstack_automation.APITests" time="2.839"/>
  <testcase name="testDashboardAPI" classname="com.jakartalabs.fullstack_automation.APITests" time="1.367"/>
</testsuite>