<?xml version="1.0" encoding="UTF-8"?>
<testng-results ignored="2" total="3" passed="1" failed="0" skipped="0">
  <reporter-output>
  </reporter-output>
  <suite started-at="2021-03-14T04:43:34Z" name="Default suite" finished-at="2021-03-14T04:43:37Z" duration-ms="2805">
    <groups>
    </groups>
    <test started-at="2021-03-14T04:43:34Z" name="Default test" finished-at="2021-03-14T04:43:37Z" duration-ms="2805">
      <class name="com.jakartalabs.fullstack_automation.APITests">
        <test-method signature="testloginAPI()[pri:1, instance:com.jakartalabs.fullstack_automation.APITests@6eb17ec8]" started-at="2021-03-14T04:43:34Z" name="testloginAPI" finished-at="2021-03-14T04:43:37Z" duration-ms="2763" status="PASS">
          <reporter-output>
          </reporter-output>
        </test-method> <!-- testloginAPI -->
      </class> <!-- com.jakartalabs.fullstack_automation.APITests -->
    </test> <!-- Default test -->
  </suite> <!-- Default suite -->
</testng-results>
